<?xml version="1.0" encoding="UTF-8"?>
<!-- Generated by org.testng.reporters.JUnitXMLReporter -->
<testsuite hostname="EEE" failures="1" tests="1" name="AppointmentApproval" time="0.389" errors="0" timestamp="17 Oct 2019 05:56:42 GMT">
  <testcase classname="zimun.torim.tests._005_ZimunTorimAppointmentApprovalTest" name="ZimunTorimAppointmentApproval" time="0.256">
    <failure type="java.lang.AssertionError" message="Expecting to see &amp;apos;התור נקבע בהצלחה&amp;apos; as part of appointment approval label expected [true] but found [false]">
      <![CDATA[java.lang.AssertionError: Expecting to see 'התור נקבע בהצלחה' as part of appointment approval label expected [true] but found [false]
	at zimun.torim.infra.utils.AssertUtils.assertTrue(AssertUtils.java:31)
	at zimun.torim.infra.utils.AssertUtils.assertTrue(AssertUtils.java:25)
	at zimun.torim.tests._005_ZimunTorimAppointmentApprovalTest.ZimunTorimAppointmentApproval(_005_ZimunTorimAppointmentApprovalTest.java:27)
... Removed 27 stack frames]]>
    </failure>
  </testcase> <!-- ZimunTorimAppointmentApproval -->
</testsuite> <!-- AppointmentApproval -->
